<?xml version="1.0" encoding="UTF-8"?>
<!-- Generated by org.testng.reporters.JUnitReportReporter -->
<testsuite hostname="LAPTOP-DCLCG8PK" failures="0" tests="2" name="com.crm.comcast.CampaignTest.CreateCampaignTest" time="73.094" errors="0" timestamp="2022-07-05T10:35:44 IST" skipped="0">
  <testcase classname="com.crm.comcast.CampaignTest.CreateCampaignTest" name="CreateCampainTest" time="24.613"/>
  <system-out/>
  <testcase classname="com.crm.comcast.CampaignTest.CreateCampaignTest" name="CreatecampainProductTest" time="48.481"/>
  <system-out/>
</testsuite> <!-- com.crm.comcast.CampaignTest.CreateCampaignTest -->
