<?xml version="1.0" encoding="UTF-8"?>
<!-- Generated by org.testng.reporters.JUnitReportReporter -->
<testsuite hostname="LAPTOP-DCLCG8PK" failures="0" tests="3" name="Practice.PriorityTest" time="0.010" errors="0" timestamp="2022-07-05T12:32:22 IST" skipped="0">
  <testcase classname="Practice.PriorityTest" name="CreateCusomer" time="0.007"/>
  <system-out/>
  <testcase classname="Practice.PriorityTest" name="ModifyCustomer" time="0.001"/>
  <system-out/>
  <testcase classname="Practice.PriorityTest" name="DeleteCustomer" time="0.002"/>
  <system-out/>
</testsuite> <!-- Practice.PriorityTest -->
