<?xml version="1.0" encoding="UTF-8"?>
<!-- Generated by org.testng.reporters.JUnitReportReporter -->
<testsuite skipped="0" hostname="LAPTOP-DCLCG8PK" name="com.crm.comcast.CampaignTest.CampaignTest" tests="1" failures="0" timestamp="2022-07-20T10:18:40 IST" time="41.232" errors="0">
  <testcase name="createcampaignaproductTest" time="41.232" classname="com.crm.comcast.CampaignTest.CampaignTest"/>
  <system-out/>
</testsuite> <!-- com.crm.comcast.CampaignTest.CampaignTest -->
