<?xml version="1.0" encoding="UTF-8"?>
<!-- Generated by org.testng.reporters.JUnitReportReporter -->
<testsuite hostname="LAPTOP-DCLCG8PK" failures="0" tests="5" name="Practice.BookTicket" time="0.024" errors="0" timestamp="2022-07-05T12:06:50 IST" skipped="0">
  <testcase classname="Practice.BookTicket" name="BookTicketTest" time="0.002"/>
  <system-out/>
  <testcase classname="Practice.BookTicket" name="BookTicketTest" time="0.002"/>
  <system-out/>
  <testcase classname="Practice.BookTicket" name="BookTicketTest" time="0.003"/>
  <system-out/>
  <testcase classname="Practice.BookTicket" name="BookTicketTest" time="0.015"/>
  <system-out/>
  <testcase classname="Practice.BookTicket" name="BookTicketTest" time="0.002"/>
  <system-out/>
</testsuite> <!-- Practice.BookTicket -->
