<?xml version="1.0" encoding="UTF-8"?>
<!-- Generated by org.testng.reporters.JUnitReportReporter -->
<testsuite skipped="0" hostname="LAPTOP-DCLCG8PK" name="com.crm.concast.OrganizationTest.OrganizationTest" tests="1" failures="0" timestamp="2022-07-15T10:26:10 IST" time="12.951" errors="0">
  <testcase name="createOrganizationTest" time="12.951" classname="com.crm.concast.OrganizationTest.OrganizationTest"/>
  <system-out/>
</testsuite> <!-- com.crm.concast.OrganizationTest.OrganizationTest -->
