<?xml version="1.0" encoding="UTF-8"?>
<!-- Generated by org.testng.reporters.JUnitReportReporter -->
<testsuite skipped="0" hostname="LAPTOP-DCLCG8PK" name="com.crm.comcast.ContactTest.ContactTest" tests="2" failures="0" timestamp="2022-07-15T10:26:10 IST" time="28.595" errors="0">
  <testcase name="CreateAndDeleteContacttest" time="15.857" classname="com.crm.comcast.ContactTest.ContactTest"/>
  <system-out/>
  <testcase name="CreateContactTest" time="12.738" classname="com.crm.comcast.ContactTest.ContactTest"/>
  <system-out/>
</testsuite> <!-- com.crm.comcast.ContactTest.ContactTest -->
