<?xml version="1.0" encoding="UTF-8"?>
<!-- Generated by org.testng.reporters.JUnitReportReporter -->
<testsuite hostname="LAPTOP-DCLCG8PK" failures="0" tests="5" name="Practice.DataProviderThreeArguments" time="0.014" errors="0" timestamp="2022-07-06T17:49:23 IST" skipped="0">
  <testcase classname="Practice.DataProviderThreeArguments" name="BookTicketThreeArgs" time="0.001"/>
  <system-out/>
  <testcase classname="Practice.DataProviderThreeArguments" name="BookTicketThreeArgs" time="0.009"/>
  <system-out/>
  <testcase classname="Practice.DataProviderThreeArguments" name="BookTicketThreeArgs" time="0.001"/>
  <system-out/>
  <testcase classname="Practice.DataProviderThreeArguments" name="BookTicketThreeArgs" time="0.001"/>
  <system-out/>
  <testcase classname="Practice.DataProviderThreeArguments" name="BookTicketThreeArgs" time="0.002"/>
  <system-out/>
</testsuite> <!-- Practice.DataProviderThreeArguments -->
