<?xml version="1.0" encoding="UTF-8"?>
<!-- Generated by org.testng.reporters.JUnitReportReporter -->
<testsuite hostname="LAPTOP-DCLCG8PK" failures="0" tests="1" name="Practice.CreateCamapignBase" time="30.871" errors="0" timestamp="2022-07-05T00:02:34 IST" skipped="0">
  <testcase classname="Practice.CreateCamapignBase" name="CreateCampaignTest" time="30.871"/>
  <system-out/>
</testsuite> <!-- Practice.CreateCamapignBase -->
