<?xml version="1.0" encoding="UTF-8"?>
<!-- Generated by org.testng.reporters.JUnitReportReporter -->
<testsuite hostname="LAPTOP-DCLCG8PK" failures="0" tests="4" name="Practice.InvocationCount" time="0.019" errors="0" timestamp="2022-07-05T12:27:01 IST" skipped="0">
  <testcase classname="Practice.InvocationCount" name="WithoutInvocation" time="0.003"/>
  <system-out/>
  <testcase classname="Practice.InvocationCount" name="ExcuteWithInvocationCount" time="0.001"/>
  <system-out/>
  <testcase classname="Practice.InvocationCount" name="ExcuteWithInvocationCount" time="0.002"/>
  <system-out/>
  <testcase classname="Practice.InvocationCount" name="ExcuteWithInvocationCount" time="0.013"/>
  <system-out/>
</testsuite> <!-- Practice.InvocationCount -->
