<?xml version="1.0" encoding="UTF-8"?>
<!-- Generated by org.testng.reporters.JUnitReportReporter -->
<testsuite skipped="0" hostname="LAPTOP-DCLCG8PK" name="com.crm.comcast.CampaignTest.CampaignTest" tests="2" failures="0" timestamp="2022-07-15T10:26:10 IST" time="29.324" errors="0">
  <testcase name="CreateCampaignTest" time="11.486" classname="com.crm.comcast.CampaignTest.CampaignTest"/>
  <system-out/>
  <testcase name="createcampaignaproductTest" time="17.838" classname="com.crm.comcast.CampaignTest.CampaignTest"/>
  <system-out/>
</testsuite> <!-- com.crm.comcast.CampaignTest.CampaignTest -->
